[INFO ] 2021-07-29 10:46:02.875 [main] LogInstance - Firefox Launch Successfully.
[INFO ] 2021-07-29 10:46:06.366 [main] LogInstance - Login Page Open Successfully.
[INFO ] 2021-07-29 10:46:07.531 [main] LogInstance - Type Email
[INFO ] 2021-07-29 10:46:07.581 [main] LogInstance - Type Password
[INFO ] 2021-07-29 10:46:08.752 [main] LogInstance - Click on Login Button
[INFO ] 2021-07-29 10:46:09.193 [main] LogInstance - Type Email
[INFO ] 2021-07-29 10:46:09.224 [main] LogInstance - Type Password
[INFO ] 2021-07-29 10:46:10.403 [main] LogInstance - Click on Login Button
[INFO ] 2021-07-29 10:46:10.557 [main] LogInstance - Type Email
[INFO ] 2021-07-29 10:46:10.592 [main] LogInstance - Type Password
[INFO ] 2021-07-29 10:46:11.784 [main] LogInstance - Click on Login Button
[INFO ] 2021-07-29 10:46:11.969 [main] LogInstance - Type Email
[INFO ] 2021-07-29 10:46:12.009 [main] LogInstance - Type Password
[INFO ] 2021-07-29 10:46:13.941 [main] LogInstance - Click on Login Button
[INFO ] 2021-07-29 10:46:15.393 [main] LogInstance -  Chrome Close Browser
[INFO ] 2021-07-29 10:46:17.430 [main] LogInstance - Chrome Launch Successfully.
[INFO ] 2021-07-29 10:46:19.515 [main] LogInstance - Login Page Open Successfully.
[INFO ] 2021-07-29 10:46:19.705 [main] LogInstance - Type Email
[INFO ] 2021-07-29 10:46:19.823 [main] LogInstance - Type Password
[INFO ] 2021-07-29 10:46:21.056 [main] LogInstance - Click on Login Button
[INFO ] 2021-07-29 10:46:21.263 [main] LogInstance - Type Email
[INFO ] 2021-07-29 10:46:21.364 [main] LogInstance - Type Password
[INFO ] 2021-07-29 10:46:22.569 [main] LogInstance - Click on Login Button
[INFO ] 2021-07-29 10:46:22.789 [main] LogInstance - Type Email
[INFO ] 2021-07-29 10:46:22.919 [main] LogInstance - Type Password
[INFO ] 2021-07-29 10:46:24.128 [main] LogInstance - Click on Login Button
[INFO ] 2021-07-29 10:46:24.326 [main] LogInstance - Type Email
[INFO ] 2021-07-29 10:46:24.431 [main] LogInstance - Type Password
[INFO ] 2021-07-29 10:46:26.410 [main] LogInstance - Click on Login Button
[INFO ] 2021-07-29 10:46:26.623 [main] LogInstance -  Chrome Close Browser
[INFO ] 2021-07-29 10:47:20.050 [main] LogInstance - Firefox Launch Successfully.
[INFO ] 2021-07-29 10:47:22.636 [main] LogInstance - Login Page Open Successfully.
[INFO ] 2021-07-29 10:47:23.692 [main] LogInstance - Type Email
[INFO ] 2021-07-29 10:47:23.749 [main] LogInstance - Type Password
[INFO ] 2021-07-29 10:47:25.041 [main] LogInstance - Click on Login Button
[INFO ] 2021-07-29 10:47:25.387 [main] LogInstance - Type Email
[INFO ] 2021-07-29 10:47:25.426 [main] LogInstance - Type Password
[INFO ] 2021-07-29 10:47:26.603 [main] LogInstance - Click on Login Button
[INFO ] 2021-07-29 10:47:26.775 [main] LogInstance - Type Email
[INFO ] 2021-07-29 10:47:26.815 [main] LogInstance - Type Password
[INFO ] 2021-07-29 10:47:28.039 [main] LogInstance - Click on Login Button
[INFO ] 2021-07-29 10:47:28.209 [main] LogInstance - Type Email
[INFO ] 2021-07-29 10:47:28.245 [main] LogInstance - Type Password
[INFO ] 2021-07-29 10:47:30.259 [main] LogInstance - Click on Login Button
[INFO ] 2021-07-29 10:47:31.367 [main] LogInstance -  Chrome Close Browser
[INFO ] 2021-07-29 10:47:33.171 [main] LogInstance - Chrome Launch Successfully.
[INFO ] 2021-07-29 10:47:35.337 [main] LogInstance - Login Page Open Successfully.
[INFO ] 2021-07-29 10:47:35.537 [main] LogInstance - Type Email
[INFO ] 2021-07-29 10:47:35.670 [main] LogInstance - Type Password
[INFO ] 2021-07-29 10:47:36.941 [main] LogInstance - Click on Login Button
[INFO ] 2021-07-29 10:47:37.139 [main] LogInstance - Type Email
[INFO ] 2021-07-29 10:47:37.240 [main] LogInstance - Type Password
[INFO ] 2021-07-29 10:47:38.461 [main] LogInstance - Click on Login Button
[INFO ] 2021-07-29 10:47:38.690 [main] LogInstance - Type Email
[INFO ] 2021-07-29 10:47:38.794 [main] LogInstance - Type Password
[INFO ] 2021-07-29 10:47:40.024 [main] LogInstance - Click on Login Button
[INFO ] 2021-07-29 10:47:40.209 [main] LogInstance - Type Email
[INFO ] 2021-07-29 10:47:40.303 [main] LogInstance - Type Password
[INFO ] 2021-07-29 10:47:42.310 [main] LogInstance - Click on Login Button
[INFO ] 2021-07-29 10:47:42.443 [main] LogInstance -  Chrome Close Browser
[INFO ] 2021-07-29 23:06:36.695 [main] LogInstance - Firefox Launch Successfully.
[INFO ] 2021-07-29 23:06:54.871 [main] LogInstance - Login Page Open Successfully.
[INFO ] 2021-07-29 23:06:56.231 [main] LogInstance - Type Email
[INFO ] 2021-07-29 23:06:56.272 [main] LogInstance - Type Password
[INFO ] 2021-07-29 23:06:57.800 [main] LogInstance - Click on Login Button
[INFO ] 2021-07-29 23:06:58.258 [main] LogInstance - Type Email
[INFO ] 2021-07-29 23:06:58.288 [main] LogInstance - Type Password
[INFO ] 2021-07-29 23:06:59.779 [main] LogInstance - Click on Login Button
[INFO ] 2021-07-29 23:06:59.936 [main] LogInstance - Type Email
[INFO ] 2021-07-29 23:06:59.967 [main] LogInstance - Type Password
[INFO ] 2021-07-29 23:07:01.375 [main] LogInstance - Click on Login Button
[INFO ] 2021-07-29 23:07:01.568 [main] LogInstance - Type Email
[INFO ] 2021-07-29 23:07:01.607 [main] LogInstance - Type Password
[INFO ] 2021-07-29 23:07:03.868 [main] LogInstance - Click on Login Button
[INFO ] 2021-07-29 23:07:05.288 [main] LogInstance -  Chrome Close Browser
[INFO ] 2021-07-29 23:07:07.429 [main] LogInstance - Chrome Launch Successfully.
[INFO ] 2021-07-29 23:07:27.833 [main] LogInstance - Login Page Open Successfully.
[INFO ] 2021-07-29 23:07:28.069 [main] LogInstance - Type Email
[INFO ] 2021-07-29 23:07:28.182 [main] LogInstance - Type Password
[INFO ] 2021-07-29 23:07:29.416 [main] LogInstance - Click on Login Button
[INFO ] 2021-07-29 23:07:29.618 [main] LogInstance - Type Email
[INFO ] 2021-07-29 23:07:29.717 [main] LogInstance - Type Password
[INFO ] 2021-07-29 23:07:30.948 [main] LogInstance - Click on Login Button
[INFO ] 2021-07-29 23:07:31.153 [main] LogInstance - Type Email
[INFO ] 2021-07-29 23:07:31.254 [main] LogInstance - Type Password
[INFO ] 2021-07-29 23:07:32.780 [main] LogInstance - Click on Login Button
[INFO ] 2021-07-29 23:07:32.992 [main] LogInstance - Type Email
[INFO ] 2021-07-29 23:07:33.090 [main] LogInstance - Type Password
[INFO ] 2021-07-29 23:07:35.584 [main] LogInstance - Click on Login Button
[INFO ] 2021-07-29 23:07:37.720 [main] LogInstance -  Chrome Close Browser
[INFO ] 2021-07-29 23:11:37.836 [main] LogInstance - Firefox Launch Successfully.
[INFO ] 2021-07-29 23:11:40.707 [main] LogInstance - Login Page Open Successfully.
[INFO ] 2021-07-29 23:11:41.992 [main] LogInstance - Type Email
[INFO ] 2021-07-29 23:11:42.042 [main] LogInstance - Type Password
[INFO ] 2021-07-29 23:11:43.703 [main] LogInstance - Click on Login Button
[INFO ] 2021-07-29 23:11:44.103 [main] LogInstance - Type Email
[INFO ] 2021-07-29 23:11:44.137 [main] LogInstance - Type Password
[INFO ] 2021-07-29 23:11:49.369 [main] LogInstance - Click on Login Button
[INFO ] 2021-07-29 23:11:49.505 [main] LogInstance - Type Email
[INFO ] 2021-07-29 23:11:49.534 [main] LogInstance - Type Password
[INFO ] 2021-07-29 23:11:49.763 [main] LogInstance - Click on Login Button
[INFO ] 2021-07-29 23:11:49.912 [main] LogInstance - Type Email
[INFO ] 2021-07-29 23:11:49.938 [main] LogInstance - Type Password
[INFO ] 2021-07-29 23:11:50.166 [main] LogInstance - Click on Login Button
[INFO ] 2021-07-29 23:11:51.691 [main] LogInstance -  Chrome Close Browser
[INFO ] 2021-07-29 23:11:53.670 [main] LogInstance - Chrome Launch Successfully.
[INFO ] 2021-07-29 23:11:55.806 [main] LogInstance - Login Page Open Successfully.
[INFO ] 2021-07-29 23:11:56.064 [main] LogInstance - Type Email
[INFO ] 2021-07-29 23:11:56.243 [main] LogInstance - Type Password
[INFO ] 2021-07-29 23:11:57.990 [main] LogInstance - Click on Login Button
[INFO ] 2021-07-29 23:11:58.251 [main] LogInstance - Type Email
[INFO ] 2021-07-29 23:11:58.358 [main] LogInstance - Type Password
[INFO ] 2021-07-29 23:12:02.262 [main] LogInstance - Click on Login Button
[INFO ] 2021-07-29 23:12:02.496 [main] LogInstance - Type Email
[INFO ] 2021-07-29 23:12:02.602 [main] LogInstance - Type Password
[INFO ] 2021-07-29 23:12:03.805 [main] LogInstance - Click on Login Button
[INFO ] 2021-07-29 23:12:04.025 [main] LogInstance - Type Email
[INFO ] 2021-07-29 23:12:04.139 [main] LogInstance - Type Password
[INFO ] 2021-07-29 23:12:06.139 [main] LogInstance - Click on Login Button
[INFO ] 2021-07-29 23:12:08.348 [main] LogInstance -  Chrome Close Browser
